# JRE version: Java(TM) SE Runtime Environment (7.0_80-b15) (build 1.7.0_80-b15)
# Java VM: Java HotSpot(TM) 64-Bit Server VM (24.80-b11 mixed mode linux-amd64 compressed oops)
Heap
 PSYoungGen      total 76800K, used 0K [0x00000000faa80000, 0x0000000100000000, 0x0000000100000000)
  eden space 66048K, 0% used [0x00000000faa80000,0x00000000faa80000,0x00000000feb00000)
  from space 10752K, 0% used [0x00000000feb00000,0x00000000feb00000,0x00000000ff580000)
  to   space 10752K, 0% used [0x00000000ff580000,0x00000000ff580000,0x0000000100000000)
 ParOldGen       total 61952K, used 31584K [0x00000000f0000000, 0x00000000f3c80000, 0x00000000faa80000)
  object space 61952K, 50% used [0x00000000f0000000,0x00000000f1ed83b0,0x00000000f3c80000)
 PSPermGen       total 51712K, used 51304K [0x00000000eae00000, 0x00000000ee080000, 0x00000000f0000000)
  object space 51712K, 99% used [0x00000000eae00000,0x00000000ee01a210,0x00000000ee080000)
GC Heap History (10 events):
Event: 25.608 GC heap after
Heap after GC invocations=13 (full 0):
 PSYoungGen      total 76800K, used 3578K [0x00000000faa80000, 0x0000000100000000, 0x0000000100000000)
  eden space 66560K, 0% used [0x00000000faa80000,0x00000000faa80000,0x00000000feb80000)
  from space 10240K, 34% used [0x00000000feb80000,0x00000000feefe828,0x00000000ff580000)
  to   space 10240K, 0% used [0x00000000ff600000,0x00000000ff600000,0x0000000100000000)
 ParOldGen       total 41984K, used 24078K [0x00000000f0000000, 0x00000000f2900000, 0x00000000faa80000)
  object space 41984K, 57% used [0x00000000f0000000,0x00000000f1783b80,0x00000000f2900000)
 PSPermGen       total 33280K, used 33136K [0x00000000eae00000, 0x00000000ece80000, 0x00000000f0000000)
  object space 33280K, 99% used [0x00000000eae00000,0x00000000ece5c3d8,0x00000000ece80000)
}
Event: 28.511 GC heap before
{Heap before GC invocations=14 (full 0):
 PSYoungGen      total 76800K, used 70138K [0x00000000faa80000, 0x0000000100000000, 0x0000000100000000)
  eden space 66560K, 100% used [0x00000000faa80000,0x00000000feb80000,0x00000000feb80000)
  from space 10240K, 34% used [0x00000000feb80000,0x00000000feefe828,0x00000000ff580000)
  to   space 10240K, 0% used [0x00000000ff600000,0x00000000ff600000,0x0000000100000000)
 ParOldGen       total 41984K, used 24078K [0x00000000f0000000, 0x00000000f2900000, 0x00000000faa80000)
  object space 41984K, 57% used [0x00000000f0000000,0x00000000f1783b80,0x00000000f2900000)
 PSPermGen       total 40960K, used 40651K [0x00000000eae00000, 0x00000000ed600000, 0x00000000f0000000)
  object space 40960K, 99% used [0x00000000eae00000,0x00000000ed5b2ed0,0x00000000ed600000)
Event: 28.562 GC heap after
Heap after GC invocations=14 (full 0):
 PSYoungGen      total 77312K, used 5989K [0x00000000faa80000, 0x0000000100000000, 0x0000000100000000)
  eden space 67072K, 0% used [0x00000000faa80000,0x00000000faa80000,0x00000000fec00000)
  from space 10240K, 58% used [0x00000000ff600000,0x00000000ffbd9478,0x0000000100000000)
  to   space 10240K, 0% used [0x00000000fec00000,0x00000000fec00000,0x00000000ff600000)
 ParOldGen       total 41984K, used 25910K [0x00000000f0000000, 0x00000000f2900000, 0x00000000faa80000)
  object space 41984K, 61% used [0x00000000f0000000,0x00000000f194db80,0x00000000f2900000)
 PSPermGen       total 40960K, used 40651K [0x00000000eae00000, 0x00000000ed600000, 0x00000000f0000000)
  object space 40960K, 99% used [0x00000000eae00000,0x00000000ed5b2ed0,0x00000000ed600000)
}
Event: 33.060 GC heap before
{Heap before GC invocations=15 (full 0):
 PSYoungGen      total 77312K, used 73061K [0x00000000faa80000, 0x0000000100000000, 0x0000000100000000)
  eden space 67072K, 100% used [0x00000000faa80000,0x00000000fec00000,0x00000000fec00000)
  from space 10240K, 58% used [0x00000000ff600000,0x00000000ffbd9478,0x0000000100000000)
  to   space 10240K, 0% used [0x00000000fec00000,0x00000000fec00000,0x00000000ff600000)
 ParOldGen       total 41984K, used 25910K [0x00000000f0000000, 0x00000000f2900000, 0x00000000faa80000)
  object space 41984K, 61% used [0x00000000f0000000,0x00000000f194db80,0x00000000f2900000)
 PSPermGen       total 47104K, used 46829K [0x00000000eae00000, 0x00000000edc00000, 0x00000000f0000000)
  object space 47104K, 99% used [0x00000000eae00000,0x00000000edbbb6e0,0x00000000edc00000)
Event: 33.160 GC heap after
Heap after GC invocations=15 (full 0):
 PSYoungGen      total 77312K, used 10010K [0x00000000faa80000, 0x0000000100000000, 0x0000000100000000)
  eden space 67072K, 0% used [0x00000000faa80000,0x00000000faa80000,0x00000000fec00000)
  from space 10240K, 97% used [0x00000000fec00000,0x00000000ff5c6830,0x00000000ff600000)
  to   space 10240K, 0% used [0x00000000ff600000,0x00000000ff600000,0x0000000100000000)
 ParOldGen       total 41984K, used 28027K [0x00000000f0000000, 0x00000000f2900000, 0x00000000faa80000)
  object space 41984K, 66% used [0x00000000f0000000,0x00000000f1b5ef90,0x00000000f2900000)
 PSPermGen       total 47104K, used 46829K [0x00000000eae00000, 0x00000000edc00000, 0x00000000f0000000)
  object space 47104K, 99% used [0x00000000eae00000,0x00000000edbbb6e0,0x00000000edc00000)
}
Event: 36.425 GC heap before
{Heap before GC invocations=16 (full 0):
 PSYoungGen      total 77312K, used 77082K [0x00000000faa80000, 0x0000000100000000, 0x0000000100000000)
  eden space 67072K, 100% used [0x00000000faa80000,0x00000000fec00000,0x00000000fec00000)
  from space 10240K, 97% used [0x00000000fec00000,0x00000000ff5c6830,0x00000000ff600000)
  to   space 10240K, 0% used [0x00000000ff600000,0x00000000ff600000,0x0000000100000000)
 ParOldGen       total 41984K, used 28027K [0x00000000f0000000, 0x00000000f2900000, 0x00000000faa80000)
  object space 41984K, 66% used [0x00000000f0000000,0x00000000f1b5ef90,0x00000000f2900000)
 PSPermGen       total 48640K, used 48218K [0x00000000eae00000, 0x00000000edd80000, 0x00000000f0000000)
  object space 48640K, 99% used [0x00000000eae00000,0x00000000edd16960,0x00000000edd80000)
Event: 36.470 GC heap after
Heap after GC invocations=16 (full 0):
 PSYoungGen      total 76288K, used 4525K [0x00000000faa80000, 0x0000000100000000, 0x0000000100000000)
  eden space 66048K, 0% used [0x00000000faa80000,0x00000000faa80000,0x00000000feb00000)
  from space 10240K, 44% used [0x00000000ff600000,0x00000000ffa6b708,0x0000000100000000)
  to   space 10752K, 0% used [0x00000000feb00000,0x00000000feb00000,0x00000000ff580000)
 ParOldGen       total 41984K, used 34063K [0x00000000f0000000, 0x00000000f2900000, 0x00000000faa80000)
  object space 41984K, 81% used [0x00000000f0000000,0x00000000f2143e38,0x00000000f2900000)
 PSPermGen       total 48640K, used 48218K [0x00000000eae00000, 0x00000000edd80000, 0x00000000f0000000)
  object space 48640K, 99% used [0x00000000eae00000,0x00000000edd16960,0x00000000edd80000)
}
Event: 40.569 GC heap before
{Heap before GC invocations=17 (full 0):
 PSYoungGen      total 76288K, used 70573K [0x00000000faa80000, 0x0000000100000000, 0x0000000100000000)
  eden space 66048K, 100% used [0x00000000faa80000,0x00000000feb00000,0x00000000feb00000)
  from space 10240K, 44% used [0x00000000ff600000,0x00000000ffa6b708,0x0000000100000000)
  to   space 10752K, 0% used [0x00000000feb00000,0x00000000feb00000,0x00000000ff580000)
 ParOldGen       total 41984K, used 34063K [0x00000000f0000000, 0x00000000f2900000, 0x00000000faa80000)
  object space 41984K, 81% used [0x00000000f0000000,0x00000000f2143e38,0x00000000f2900000)
 PSPermGen       total 51712K, used 51328K [0x00000000eae00000, 0x00000000ee080000, 0x00000000f0000000)
  object space 51712K, 99% used [0x00000000eae00000,0x00000000ee0202d8,0x00000000ee080000)
Event: 40.611 GC heap after
Heap after GC invocations=17 (full 0):
 PSYoungGen      total 76800K, used 3696K [0x00000000faa80000, 0x0000000100000000, 0x0000000100000000)
  eden space 66048K, 0% used [0x00000000faa80000,0x00000000faa80000,0x00000000feb00000)
  from space 10752K, 34% used [0x00000000feb00000,0x00000000fee9c2a8,0x00000000ff580000)
  to   space 10752K, 0% used [0x00000000ff580000,0x00000000ff580000,0x0000000100000000)
 ParOldGen       total 41984K, used 37864K [0x00000000f0000000, 0x00000000f2900000, 0x00000000faa80000)
  object space 41984K, 90% used [0x00000000f0000000,0x00000000f24fa2b8,0x00000000f2900000)
 PSPermGen       total 51712K, used 51328K [0x00000000eae00000, 0x00000000ee080000, 0x00000000f0000000)
  object space 51712K, 99% used [0x00000000eae00000,0x00000000ee0202d8,0x00000000ee080000)
}
Event: 40.611 GC heap before
{Heap before GC invocations=18 (full 1):
 PSYoungGen      total 76800K, used 3696K [0x00000000faa80000, 0x0000000100000000, 0x0000000100000000)
  eden space 66048K, 0% used [0x00000000faa80000,0x00000000faa80000,0x00000000feb00000)
  from space 10752K, 34% used [0x00000000feb00000,0x00000000fee9c2a8,0x00000000ff580000)
  to   space 10752K, 0% used [0x00000000ff580000,0x00000000ff580000,0x0000000100000000)
 ParOldGen       total 41984K, used 37864K [0x00000000f0000000, 0x00000000f2900000, 0x00000000faa80000)
  object space 41984K, 90% used [0x00000000f0000000,0x00000000f24fa2b8,0x00000000f2900000)
 PSPermGen       total 51712K, used 51328K [0x00000000eae00000, 0x00000000ee080000, 0x00000000f0000000)
  object space 51712K, 99% used [0x00000000eae00000,0x00000000ee0202d8,0x00000000ee080000)

